#
# A fatal error has been detected by the Java Runtime Environment:
#
#  SIGBUS (0xa) at pc=0x00000001025dbe92, pid=88608, tid=0x0000000000002803
#
# JRE version: Java(TM) SE Runtime Environment (8.0_161-b12) (build 1.8.0_161-b12)
# Java VM: Java HotSpot(TM) 64-Bit Server VM (25.161-b12 mixed mode bsd-amd64 compressed oops)
# Problematic frame:
# C  [libzip.dylib+0x2e92]  newEntry+0x154
#
# Failed to write core dump. Core dumps have been disabled. To enable core dumping, try "ulimit -c unlimited" before starting Java again
#
# If you would like to submit a bug report, please visit:
#   http://bugreport.java.com/bugreport/crash.jsp
# The crash happened outside the Java Virtual Machine in native code.
# See problematic frame for where to report the bug.
#

---------------  T H R E A D  ---------------

Current thread (0x00007ff361802800):  JavaThread "main" [_thread_in_native, id=10243, stack(0x0000700007512000,0x0000700007612000)]

siginfo: si_signo: 10 (SIGBUS), si_code: 2 (BUS_ADRERR), si_addr: 0x000000010a6e18ed

Registers:
RAX=0x00007ff362cb3d00, RBX=0x000000010a6e18e1, RCX=0x0000000000000001, RDX=0x0000000000001400
RSP=0x000070000760fb70, RBP=0x000070000760fbd0, RSI=0x0000000000000048, RDI=0x000000010256ae00
R8 =0x0000000000000001, R9 =0x0000000000000001, R10=0x000000010beda298, R11=0x00006ff89c3b9886
R12=0x00007ff36131a800, R13=0x0000000000000070, R14=0x00000000498b9410, R15=0x00007ff362cb4570
RIP=0x00000001025dbe92, EFLAGS=0x0000000000010206, ERR=0x0000000000000004
  TRAPNO=0x000000000000000e

Top of Stack: (sp=0x000070000760fb70)
0x000070000760fb70:   00007ff361802800 000000000760fc58
0x000070000760fb80:   0000000123ac0c28 00000001036a2d5e
0x000070000760fb90:   000070000760fbb0 00007ff362cb3d00
0x000070000760fba0:   00007ff362f28620 00007ff362cb3d00
0x000070000760fbb0:   00007ff36131a800 0000000000000070
0x000070000760fbc0:   00000000498b9410 00007ff362cb4570
0x000070000760fbd0:   000070000760fc30 00000001025dc52d
0x000070000760fbe0:   000070000760fc9e 000070000760fc9d
0x000070000760fbf0:   0000004e00000000 0000004f01802800
0x000070000760fc00:   000070000760fc4e 0000700007610098
0x000070000760fc10:   000000000000004f 000070000760fc4e
0x000070000760fc20:   00007ff362cb3d00 00007ff3618029f8
0x000070000760fc30:   0000700007610080 00000001025db238
0x000070000760fc40:   000070000760fc60 726f000100000001
0x000070000760fc50:   676e697270732f67 726f77656d617266
0x000070000760fc60:   6c2f746f6f622f6b 61642f726564616f
0x000070000760fc70:   6f646e61522f6174 447373656363416d
0x000070000760fc80:   24656c6946617461 75706e4961746144
0x000070000760fc90:   2e6d616572745374 0000007373616c63
0x000070000760fca0:   0000000123ab9530 0000000103a6b3c4
0x000070000760fcb0:   000070000760fd80 0000000000000000
0x000070000760fcc0:   0000000000000001 0000002800000101
0x000070000760fcd0:   000000076b246fe0 00007ff361802800
0x000070000760fce0:   0000000000000028 000000076b246fe0
0x000070000760fcf0:   000000000000004c 00000007c043f630
0x000070000760fd00:   000070000760fd50 00000001036b375c
0x000070000760fd10:   0000000123ab9530 0000000000000001
0x000070000760fd20:   0000000100000000 0000000000000002
0x000070000760fd30:   00000000ffffffff 0000000000000101
0x000070000760fd40:   00007ff361802800 000000000000004c
0x000070000760fd50:   000070000760fd90 00000001038c2a15
0x000070000760fd60:   000000010760fd90 000000000000004c 

Instructions: (pc=0x00000001025dbe92)
0x00000001025dbe72:   49 8b 7f 38 e8 5b 1b 00 00 4d 89 77 38 49 89 5f
0x00000001025dbe82:   40 4c 89 f0 48 85 c0 0f 84 11 05 00 00 48 89 c3
0x00000001025dbe92:   0f b6 43 0c 0f b6 4b 0d 48 c1 e1 08 48 01 c1 0f
0x00000001025dbea2:   b6 43 0e 0f b6 53 0f 48 c1 e2 08 48 01 c2 48 c1 

Register to memory mapping:

RAX=0x00007ff362cb3d00 is an unknown value
RBX=0x000000010a6e18e1 is an unknown value
RCX=0x0000000000000001 is an unknown value
RDX=0x0000000000001400 is an unknown value
RSP=0x000070000760fb70 is pointing into the stack for thread: 0x00007ff361802800
RBP=0x000070000760fbd0 is pointing into the stack for thread: 0x00007ff361802800
RSI=0x0000000000000048 is an unknown value
RDI=0x000000010256ae00 is an unknown value
R8 =0x0000000000000001 is an unknown value
R9 =0x0000000000000001 is an unknown value
R10=0x000000010beda298 is at entry_point+88 in (nmethod*)0x000000010beda0d0
R11=0x00006ff89c3b9886 is an unknown value
R12=0x00007ff36131a800 is an unknown value
R13=0x0000000000000070 is an unknown value
R14=0x00000000498b9410 is an unknown value
R15=0x00007ff362cb4570 is an unknown value


Stack: [0x0000700007512000,0x0000700007612000],  sp=0x000070000760fb70,  free space=1014k
Native frames: (J=compiled Java code, j=interpreted, Vv=VM code, C=native code)
C  [libzip.dylib+0x2e92]  newEntry+0x154
C  [libzip.dylib+0x352d]  ZIP_GetEntry2+0xd4
C  [libzip.dylib+0x2238]  Java_java_util_zip_ZipFile_getEntry+0xcf
J 123  java.util.zip.ZipFile.getEntry(J[BZ)J (0 bytes) @ 0x000000010beda30e [0x000000010beda240+0xce]
J 4200 C2 java.util.jar.JarFile.getEntry(Ljava/lang/String;)Ljava/util/zip/ZipEntry; (22 bytes) @ 0x000000010cb33a50 [0x000000010cb336c0+0x390]
J 6380 C2 org.codehaus.plexus.components.io.resources.proxy.ResourceInvocationHandler.invoke(Ljava/lang/Object;Ljava/lang/reflect/Method;[Ljava/lang/Object;)Ljava/lang/Object; (154 bytes) @ 0x000000010cec3b50 [0x000000010cec2140+0x1a10]
J 6495 C2 org.codehaus.plexus.archiver.zip.AbstractZipArchiver.zipFile(Lorg/codehaus/plexus/archiver/ArchiveEntry;Lorg/codehaus/plexus/archiver/commonscompress/archivers/zip/ParallelScatterZipCreator;Ljava/lang/String;)V (139 bytes) @ 0x000000010ca5e630 [0x000000010ca5e500+0x130]
j  org.codehaus.plexus.archiver.zip.AbstractZipArchiver.addResources(Lorg/codehaus/plexus/archiver/ResourceIterator;Lorg/codehaus/plexus/archiver/commonscompress/archivers/zip/ParallelScatterZipCreator;)V+117
j  org.codehaus.plexus.archiver.zip.AbstractZipArchiver.createArchiveMain()V+573
j  org.codehaus.plexus.archiver.zip.AbstractZipArchiver.execute()V+37
j  org.codehaus.plexus.archiver.AbstractArchiver.createArchive()V+31
j  org.apache.maven.plugin.assembly.archive.archiver.AssemblyProxyArchiver.createArchive()V+27
j  org.apache.maven.plugin.assembly.archive.DefaultAssemblyArchiver.createArchive(Lorg/apache/maven/plugin/assembly/model/Assembly;Ljava/lang/String;Ljava/lang/String;Lorg/apache/maven/plugin/assembly/AssemblerConfigurationSource;Z)Ljava/io/File;+224
j  org.apache.maven.plugin.assembly.mojos.AbstractAssemblyMojo.execute()V+266
j  org.apache.maven.plugin.DefaultBuildPluginManager.executeMojo(Lorg/apache/maven/execution/MavenSession;Lorg/apache/maven/plugin/MojoExecution;)V+155
j  org.apache.maven.lifecycle.internal.MojoExecutor.execute(Lorg/apache/maven/execution/MavenSession;Lorg/apache/maven/plugin/MojoExecution;Lorg/apache/maven/lifecycle/internal/ProjectIndex;Lorg/apache/maven/lifecycle/internal/DependencyContext;)V+220
j  org.apache.maven.lifecycle.internal.MojoExecutor.execute(Lorg/apache/maven/execution/MavenSession;Lorg/apache/maven/plugin/MojoExecution;Lorg/apache/maven/lifecycle/internal/ProjectIndex;Lorg/apache/maven/lifecycle/internal/DependencyContext;Lorg/apache/maven/lifecycle/internal/PhaseRecorder;)V+6
j  org.apache.maven.lifecycle.internal.MojoExecutor.execute(Lorg/apache/maven/execution/MavenSession;Ljava/util/List;Lorg/apache/maven/lifecycle/internal/ProjectIndex;)V+60
j  org.apache.maven.lifecycle.internal.LifecycleModuleBuilder.buildProject(Lorg/apache/maven/execution/MavenSession;Lorg/apache/maven/execution/MavenSession;Lorg/apache/maven/lifecycle/internal/ReactorContext;Lorg/apache/maven/project/MavenProject;Lorg/apache/maven/lifecycle/internal/TaskSegment;)V+180
j  org.apache.maven.lifecycle.internal.LifecycleModuleBuilder.buildProject(Lorg/apache/maven/execution/MavenSession;Lorg/apache/maven/lifecycle/internal/ReactorContext;Lorg/apache/maven/project/MavenProject;Lorg/apache/maven/lifecycle/internal/TaskSegment;)V+7
j  org.apache.maven.lifecycle.internal.builder.singlethreaded.SingleThreadedBuilder.build(Lorg/apache/maven/execution/MavenSession;Lorg/apache/maven/lifecycle/internal/ReactorContext;Lorg/apache/maven/lifecycle/internal/ProjectBuildList;Ljava/util/List;Lorg/apache/maven/lifecycle/internal/ReactorBuildStatus;)V+77
j  org.apache.maven.lifecycle.internal.LifecycleStarter.execute(Lorg/apache/maven/execution/MavenSession;)V+353
j  org.apache.maven.DefaultMaven.doExecute(Lorg/apache/maven/execution/MavenExecutionRequest;Lorg/apache/maven/execution/MavenSession;Lorg/apache/maven/execution/MavenExecutionResult;Lorg/eclipse/aether/DefaultRepositorySystemSession;)Lorg/apache/maven/execution/MavenExecutionResult;+426
j  org.apache.maven.DefaultMaven.doExecute(Lorg/apache/maven/execution/MavenExecutionRequest;)Lorg/apache/maven/execution/MavenExecutionResult;+99
j  org.apache.maven.DefaultMaven.execute(Lorg/apache/maven/execution/MavenExecutionRequest;)Lorg/apache/maven/execution/MavenExecutionResult;+2
j  org.apache.maven.cli.MavenCli.execute(Lorg/apache/maven/cli/CliRequest;)I+27
j  org.apache.maven.cli.MavenCli.doMain(Lorg/apache/maven/cli/CliRequest;)I+66
j  org.apache.maven.cli.MavenCli.main([Ljava/lang/String;Lorg/codehaus/plexus/classworlds/ClassWorld;)I+24
v  ~StubRoutines::call_stub
V  [libjvm.dylib+0x2ef9aa]
V  [libjvm.dylib+0x4d5be0]
V  [libjvm.dylib+0x4d6114]
V  [libjvm.dylib+0x347e2c]
j  sun.reflect.NativeMethodAccessorImpl.invoke0(Ljava/lang/reflect/Method;Ljava/lang/Object;[Ljava/lang/Object;)Ljava/lang/Object;+0
j  sun.reflect.NativeMethodAccessorImpl.invoke(Ljava/lang/Object;[Ljava/lang/Object;)Ljava/lang/Object;+100
j  sun.reflect.DelegatingMethodAccessorImpl.invoke(Ljava/lang/Object;[Ljava/lang/Object;)Ljava/lang/Object;+6
j  java.lang.reflect.Method.invoke(Ljava/lang/Object;[Ljava/lang/Object;)Ljava/lang/Object;+56
j  org.codehaus.plexus.classworlds.launcher.Launcher.launchEnhanced([Ljava/lang/String;)V+45
j  org.codehaus.plexus.classworlds.launcher.Launcher.launch([Ljava/lang/String;)V+2
j  org.codehaus.plexus.classworlds.launcher.Launcher.mainWithExitCode([Ljava/lang/String;)I+101
j  org.codehaus.plexus.classworlds.launcher.Launcher.main([Ljava/lang/String;)V+1
v  ~StubRoutines::call_stub
V  [libjvm.dylib+0x2ef9aa]
V  [libjvm.dylib+0x326841]
V  [libjvm.dylib+0x31f5cd]
C  [java+0x38d1]  JavaMain+0x9c4
C  [libsystem_pthread.dylib+0x3661]  _pthread_body+0x154
C  [libsystem_pthread.dylib+0x350d]  _pthread_body+0x0
C  [libsystem_pthread.dylib+0x2bf9]  thread_start+0xd
C  0x0000000000000000

Java frames: (J=compiled Java code, j=interpreted, Vv=VM code)
J 123  java.util.zip.ZipFile.getEntry(J[BZ)J (0 bytes) @ 0x000000010beda298 [0x000000010beda240+0x58]
J 4200 C2 java.util.jar.JarFile.getEntry(Ljava/lang/String;)Ljava/util/zip/ZipEntry; (22 bytes) @ 0x000000010cb33a50 [0x000000010cb336c0+0x390]
J 6380 C2 org.codehaus.plexus.components.io.resources.proxy.ResourceInvocationHandler.invoke(Ljava/lang/Object;Ljava/lang/reflect/Method;[Ljava/lang/Object;)Ljava/lang/Object; (154 bytes) @ 0x000000010cec3b50 [0x000000010cec2140+0x1a10]
J 6495 C2 org.codehaus.plexus.archiver.zip.AbstractZipArchiver.zipFile(Lorg/codehaus/plexus/archiver/ArchiveEntry;Lorg/codehaus/plexus/archiver/commonscompress/archivers/zip/ParallelScatterZipCreator;Ljava/lang/String;)V (139 bytes) @ 0x000000010ca5e630 [0x000000010ca5e500+0x130]
j  org.codehaus.plexus.archiver.zip.AbstractZipArchiver.addResources(Lorg/codehaus/plexus/archiver/ResourceIterator;Lorg/codehaus/plexus/archiver/commonscompress/archivers/zip/ParallelScatterZipCreator;)V+117
j  org.codehaus.plexus.archiver.zip.AbstractZipArchiver.createArchiveMain()V+573
j  org.codehaus.plexus.archiver.zip.AbstractZipArchiver.execute()V+37
j  org.codehaus.plexus.archiver.AbstractArchiver.createArchive()V+31
j  org.apache.maven.plugin.assembly.archive.archiver.AssemblyProxyArchiver.createArchive()V+27
j  org.apache.maven.plugin.assembly.archive.DefaultAssemblyArchiver.createArchive(Lorg/apache/maven/plugin/assembly/model/Assembly;Ljava/lang/String;Ljava/lang/String;Lorg/apache/maven/plugin/assembly/AssemblerConfigurationSource;Z)Ljava/io/File;+224
j  org.apache.maven.plugin.assembly.mojos.AbstractAssemblyMojo.execute()V+266
j  org.apache.maven.plugin.DefaultBuildPluginManager.executeMojo(Lorg/apache/maven/execution/MavenSession;Lorg/apache/maven/plugin/MojoExecution;)V+155
j  org.apache.maven.lifecycle.internal.MojoExecutor.execute(Lorg/apache/maven/execution/MavenSession;Lorg/apache/maven/plugin/MojoExecution;Lorg/apache/maven/lifecycle/internal/ProjectIndex;Lorg/apache/maven/lifecycle/internal/DependencyContext;)V+220
j  org.apache.maven.lifecycle.internal.MojoExecutor.execute(Lorg/apache/maven/execution/MavenSession;Lorg/apache/maven/plugin/MojoExecution;Lorg/apache/maven/lifecycle/internal/ProjectIndex;Lorg/apache/maven/lifecycle/internal/DependencyContext;Lorg/apache/maven/lifecycle/internal/PhaseRecorder;)V+6
j  org.apache.maven.lifecycle.internal.MojoExecutor.execute(Lorg/apache/maven/execution/MavenSession;Ljava/util/List;Lorg/apache/maven/lifecycle/internal/ProjectIndex;)V+60
j  org.apache.maven.lifecycle.internal.LifecycleModuleBuilder.buildProject(Lorg/apache/maven/execution/MavenSession;Lorg/apache/maven/execution/MavenSession;Lorg/apache/maven/lifecycle/internal/ReactorContext;Lorg/apache/maven/project/MavenProject;Lorg/apache/maven/lifecycle/internal/TaskSegment;)V+180
j  org.apache.maven.lifecycle.internal.LifecycleModuleBuilder.buildProject(Lorg/apache/maven/execution/MavenSession;Lorg/apache/maven/lifecycle/internal/ReactorContext;Lorg/apache/maven/project/MavenProject;Lorg/apache/maven/lifecycle/internal/TaskSegment;)V+7
j  org.apache.maven.lifecycle.internal.builder.singlethreaded.SingleThreadedBuilder.build(Lorg/apache/maven/execution/MavenSession;Lorg/apache/maven/lifecycle/internal/ReactorContext;Lorg/apache/maven/lifecycle/internal/ProjectBuildList;Ljava/util/List;Lorg/apache/maven/lifecycle/internal/ReactorBuildStatus;)V+77
j  org.apache.maven.lifecycle.internal.LifecycleStarter.execute(Lorg/apache/maven/execution/MavenSession;)V+353
j  org.apache.maven.DefaultMaven.doExecute(Lorg/apache/maven/execution/MavenExecutionRequest;Lorg/apache/maven/execution/MavenSession;Lorg/apache/maven/execution/MavenExecutionResult;Lorg/eclipse/aether/DefaultRepositorySystemSession;)Lorg/apache/maven/execution/MavenExecutionResult;+426
j  org.apache.maven.DefaultMaven.doExecute(Lorg/apache/maven/execution/MavenExecutionRequest;)Lorg/apache/maven/execution/MavenExecutionResult;+99
j  org.apache.maven.DefaultMaven.execute(Lorg/apache/maven/execution/MavenExecutionRequest;)Lorg/apache/maven/execution/MavenExecutionResult;+2
j  org.apache.maven.cli.MavenCli.execute(Lorg/apache/maven/cli/CliRequest;)I+27
j  org.apache.maven.cli.MavenCli.doMain(Lorg/apache/maven/cli/CliRequest;)I+66
j  org.apache.maven.cli.MavenCli.main([Ljava/lang/String;Lorg/codehaus/plexus/classworlds/ClassWorld;)I+24
v  ~StubRoutines::call_stub
j  sun.reflect.NativeMethodAccessorImpl.invoke0(Ljava/lang/reflect/Method;Ljava/lang/Object;[Ljava/lang/Object;)Ljava/lang/Object;+0
j  sun.reflect.NativeMethodAccessorImpl.invoke(Ljava/lang/Object;[Ljava/lang/Object;)Ljava/lang/Object;+100
j  sun.reflect.DelegatingMethodAccessorImpl.invoke(Ljava/lang/Object;[Ljava/lang/Object;)Ljava/lang/Object;+6
j  java.lang.reflect.Method.invoke(Ljava/lang/Object;[Ljava/lang/Object;)Ljava/lang/Object;+56
j  org.codehaus.plexus.classworlds.launcher.Launcher.launchEnhanced([Ljava/lang/String;)V+45
j  org.codehaus.plexus.classworlds.launcher.Launcher.launch([Ljava/lang/String;)V+2
j  org.codehaus.plexus.classworlds.launcher.Launcher.mainWithExitCode([Ljava/lang/String;)I+101
j  org.codehaus.plexus.classworlds.launcher.Launcher.main([Ljava/lang/String;)V+1
v  ~StubRoutines::call_stub

---------------  P R O C E S S  ---------------

Java Threads: ( => current thread )
  0x00007ff368323800 JavaThread "pool-4-thread-8" [_thread_blocked, id=40467, stack(0x000070000949a000,0x000070000959a000)]
  0x00007ff3631e8800 JavaThread "pool-4-thread-7" [_thread_blocked, id=39699, stack(0x0000700009397000,0x0000700009497000)]
  0x00007ff363a4c800 JavaThread "pool-4-thread-6" [_thread_blocked, id=39439, stack(0x0000700009294000,0x0000700009394000)]
  0x00007ff364832000 JavaThread "pool-4-thread-5" [_thread_blocked, id=42263, stack(0x0000700009191000,0x0000700009291000)]
  0x00007ff3649eb800 JavaThread "pool-4-thread-4" [_thread_blocked, id=3603, stack(0x000070000908e000,0x000070000918e000)]
  0x00007ff36863b000 JavaThread "pool-4-thread-3" [_thread_blocked, id=23827, stack(0x0000700008f60000,0x0000700009060000)]
  0x00007ff3613b9800 JavaThread "pool-4-thread-2" [_thread_blocked, id=41491, stack(0x0000700008e5d000,0x0000700008f5d000)]
  0x00007ff361426800 JavaThread "pool-4-thread-1" [_thread_blocked, id=41235, stack(0x0000700008d5a000,0x0000700008e5a000)]
  0x00007ff3627c2800 JavaThread "process reaper" daemon [_thread_blocked, id=40963, stack(0x0000700009063000,0x000070000908b000)]
  0x00007ff365021000 JavaThread "resolver-5" daemon [_thread_blocked, id=42499, stack(0x0000700008c57000,0x0000700008d57000)]
  0x00007ff36512f800 JavaThread "resolver-4" daemon [_thread_blocked, id=42755, stack(0x0000700008b54000,0x0000700008c54000)]
  0x00007ff361fa4000 JavaThread "resolver-3" daemon [_thread_blocked, id=22275, stack(0x0000700008a51000,0x0000700008b51000)]
  0x00007ff361fa3800 JavaThread "resolver-2" daemon [_thread_blocked, id=22019, stack(0x000070000894e000,0x0000700008a4e000)]
  0x00007ff3659c5000 JavaThread "resolver-1" daemon [_thread_blocked, id=21767, stack(0x000070000884b000,0x000070000894b000)]
  0x00007ff361818800 JavaThread "Service Thread" daemon [_thread_blocked, id=16131, stack(0x0000700008645000,0x0000700008745000)]
  0x00007ff36180d800 JavaThread "C1 CompilerThread3" daemon [_thread_blocked, id=15619, stack(0x0000700008542000,0x0000700008642000)]
  0x00007ff36180b800 JavaThread "C2 CompilerThread2" daemon [_thread_blocked, id=15363, stack(0x000070000843f000,0x000070000853f000)]
  0x00007ff362043000 JavaThread "C2 CompilerThread1" daemon [_thread_blocked, id=15107, stack(0x000070000833c000,0x000070000843c000)]
  0x00007ff36084a000 JavaThread "C2 CompilerThread0" daemon [_thread_blocked, id=17667, stack(0x0000700008239000,0x0000700008339000)]
  0x00007ff36200b000 JavaThread "Signal Dispatcher" daemon [_thread_blocked, id=18183, stack(0x0000700008136000,0x0000700008236000)]
  0x00007ff361821800 JavaThread "Finalizer" daemon [_thread_blocked, id=13059, stack(0x0000700008033000,0x0000700008133000)]
  0x00007ff361801000 JavaThread "Reference Handler" daemon [_thread_blocked, id=12547, stack(0x0000700007f30000,0x0000700008030000)]
=>0x00007ff361802800 JavaThread "main" [_thread_in_native, id=10243, stack(0x0000700007512000,0x0000700007612000)]

Other Threads:
  0x00007ff362030000 VMThread [stack: 0x0000700007e2d000,0x0000700007f2d000] [id=12035]
  0x00007ff36182c000 WatcherThread [stack: 0x0000700008748000,0x0000700008848000] [id=16899]

VM state:not at safepoint (normal execution)

VM Mutex/Monitor currently owned by a thread: None

Heap:
 PSYoungGen      total 666112K, used 20147K [0x000000076ab00000, 0x00000007aa000000, 0x00000007c0000000)
  eden space 585216K, 3% used [0x000000076ab00000,0x000000076beacdf0,0x000000078e680000)
  from space 80896K, 0% used [0x000000078e680000,0x000000078e680000,0x0000000793580000)
  to   space 141312K, 0% used [0x00000007a1600000,0x00000007a1600000,0x00000007aa000000)
 ParOldGen       total 628224K, used 310974K [0x00000006c0000000, 0x00000006e6580000, 0x000000076ab00000)
  object space 628224K, 49% used [0x00000006c0000000,0x00000006d2faf840,0x00000006e6580000)
 Metaspace       used 34572K, capacity 35696K, committed 35968K, reserved 1081344K
  class space    used 4055K, capacity 4437K, committed 4480K, reserved 1048576K

Card table byte_map: [0x00000001049ae000,0x00000001051af000] byte_map_base: 0x00000001013ae000

Marking Bits: (ParMarkBitMap*) 0x0000000103ef76c0
 Begin Bits: [0x000000011ad8c000, 0x000000011ed8c000)
 End Bits:   [0x000000011ed8c000, 0x0000000122d8c000)

Polling page: 0x00000001025cf000

CodeCache: size=245760Kb used=19431Kb max_used=19603Kb free=226328Kb
 bounds [0x000000010bd8c000, 0x000000010d10c000, 0x000000011ad8c000]
 total_blobs=6208 nmethods=5738 adapters=383
 compilation: enabled

Compilation events (10 events):
Event: 18.049 Thread 0x00007ff362043000 7190       4       java.util.zip.ZipFile$ZipFileInputStream::finalize (5 bytes)
Event: 18.050 Thread 0x00007ff362043000 nmethod 7190 0x000000010c864750 code [0x000000010c8648a0, 0x000000010c864928]
Event: 18.050 Thread 0x00007ff36084a000 7191       4       java.util.zip.ZipFile$ZipFileInflaterInputStream::finalize (5 bytes)
Event: 18.051 Thread 0x00007ff362043000 7192   !   4       java.util.zip.ZipFile$ZipFileInflaterInputStream::close (67 bytes)
Event: 18.066 Thread 0x00007ff36084a000 nmethod 7191 0x000000010ca10110 code [0x000000010ca10320, 0x000000010ca113b0]
Event: 18.069 Thread 0x00007ff362043000 nmethod 7192 0x000000010cd9b410 code [0x000000010cd9b620, 0x000000010cd9c6b0]
Event: 18.071 Thread 0x00007ff36180d800 7193       3       org.codehaus.plexus.archiver.commonscompress.archivers.zip.ZipShort::equals (33 bytes)
Event: 18.071 Thread 0x00007ff36180d800 nmethod 7193 0x000000010cd98610 code [0x000000010cd98780, 0x000000010cd98c30]
Event: 18.072 Thread 0x00007ff36180d800 7194       3       org.codehaus.plexus.archiver.commonscompress.archivers.zip.ZipShort::getBytes (32 bytes)
Event: 18.072 Thread 0x00007ff36180d800 nmethod 7194 0x000000010c07e0d0 code [0x000000010c07e240, 0x000000010c07e430]

GC Heap History (10 events):
Event: 12.839 GC heap before
{Heap before GC invocations=10 (full 1):
 PSYoungGen      total 500736K, used 491000K [0x000000076ab00000, 0x000000078b680000, 0x00000007c0000000)
  eden space 473088K, 100% used [0x000000076ab00000,0x0000000787900000,0x0000000787900000)
  from space 27648K, 64% used [0x0000000789300000,0x000000078a47e130,0x000000078ae00000)
  to   space 26624K, 0% used [0x0000000787900000,0x0000000787900000,0x0000000789300000)
 ParOldGen       total 138752K, used 37982K [0x00000006c0000000, 0x00000006c8780000, 0x000000076ab00000)
  object space 138752K, 27% used [0x00000006c0000000,0x00000006c2517b20,0x00000006c8780000)
 Metaspace       used 34082K, capacity 35122K, committed 35456K, reserved 1081344K
  class space    used 4026K, capacity 4397K, committed 4480K, reserved 1048576K
Event: 12.915 GC heap after
Heap after GC invocations=10 (full 1):
 PSYoungGen      total 499712K, used 26613K [0x000000076ab00000, 0x0000000798000000, 0x00000007c0000000)
  eden space 473088K, 0% used [0x000000076ab00000,0x000000076ab00000,0x0000000787900000)
  from space 26624K, 99% used [0x0000000787900000,0x00000007892fd670,0x0000000789300000)
  to   space 76288K, 0% used [0x0000000793580000,0x0000000793580000,0x0000000798000000)
 ParOldGen       total 157184K, used 154299K [0x00000006c0000000, 0x00000006c9980000, 0x000000076ab00000)
  object space 157184K, 98% used [0x00000006c0000000,0x00000006c96aed10,0x00000006c9980000)
 Metaspace       used 34082K, capacity 35122K, committed 35456K, reserved 1081344K
  class space    used 4026K, capacity 4397K, committed 4480K, reserved 1048576K
}
Event: 12.915 GC heap before
{Heap before GC invocations=11 (full 2):
 PSYoungGen      total 499712K, used 26613K [0x000000076ab00000, 0x0000000798000000, 0x00000007c0000000)
  eden space 473088K, 0% used [0x000000076ab00000,0x000000076ab00000,0x0000000787900000)
  from space 26624K, 99% used [0x0000000787900000,0x00000007892fd670,0x0000000789300000)
  to   space 76288K, 0% used [0x0000000793580000,0x0000000793580000,0x0000000798000000)
 ParOldGen       total 157184K, used 154299K [0x00000006c0000000, 0x00000006c9980000, 0x000000076ab00000)
  object space 157184K, 98% used [0x00000006c0000000,0x00000006c96aed10,0x00000006c9980000)
 Metaspace       used 34082K, capacity 35122K, committed 35456K, reserved 1081344K
  class space    used 4026K, capacity 4397K, committed 4480K, reserved 1048576K
Event: 13.177 GC heap after
Heap after GC invocations=11 (full 2):
 PSYoungGen      total 499712K, used 9770K [0x000000076ab00000, 0x0000000798000000, 0x00000007c0000000)
  eden space 473088K, 0% used [0x000000076ab00000,0x000000076ab00000,0x0000000787900000)
  from space 26624K, 36% used [0x0000000787900000,0x000000078828a940,0x0000000789300000)
  to   space 76288K, 0% used [0x0000000793580000,0x0000000793580000,0x0000000798000000)
 ParOldGen       total 377856K, used 156804K [0x00000006c0000000, 0x00000006d7100000, 0x000000076ab00000)
  object space 377856K, 41% used [0x00000006c0000000,0x00000006c9921290,0x00000006d7100000)
 Metaspace       used 34080K, capacity 35116K, committed 35456K, reserved 1081344K
  class space    used 4026K, capacity 4395K, committed 4480K, reserved 1048576K
}
Event: 15.371 GC heap before
{Heap before GC invocations=12 (full 2):
 PSYoungGen      total 499712K, used 482858K [0x000000076ab00000, 0x0000000798000000, 0x00000007c0000000)
  eden space 473088K, 100% used [0x000000076ab00000,0x0000000787900000,0x0000000787900000)
  from space 26624K, 36% used [0x0000000787900000,0x000000078828a940,0x0000000789300000)
  to   space 76288K, 0% used [0x0000000793580000,0x0000000793580000,0x0000000798000000)
 ParOldGen       total 377856K, used 156804K [0x00000006c0000000, 0x00000006d7100000, 0x000000076ab00000)
  object space 377856K, 41% used [0x00000006c0000000,0x00000006c9921290,0x00000006d7100000)
 Metaspace       used 34539K, capacity 35638K, committed 35712K, reserved 1081344K
  class space    used 4055K, capacity 4439K, committed 4480K, reserved 1048576K
Event: 15.414 GC heap after
Heap after GC invocations=12 (full 2):
 PSYoungGen      total 661504K, used 56178K [0x000000076ab00000, 0x0000000799080000, 0x00000007c0000000)
  eden space 585216K, 0% used [0x000000076ab00000,0x000000076ab00000,0x000000078e680000)
  from space 76288K, 73% used [0x0000000793580000,0x0000000796c5cbc0,0x0000000798000000)
  to   space 80896K, 0% used [0x000000078e680000,0x000000078e680000,0x0000000793580000)
 ParOldGen       total 377856K, used 156812K [0x00000006c0000000, 0x00000006d7100000, 0x000000076ab00000)
  object space 377856K, 41% used [0x00000006c0000000,0x00000006c9923290,0x00000006d7100000)
 Metaspace       used 34539K, capacity 35638K, committed 35712K, reserved 1081344K
  class space    used 4055K, capacity 4439K, committed 4480K, reserved 1048576K
}
Event: 17.579 GC heap before
{Heap before GC invocations=13 (full 2):
 PSYoungGen      total 661504K, used 641394K [0x000000076ab00000, 0x0000000799080000, 0x00000007c0000000)
  eden space 585216K, 100% used [0x000000076ab00000,0x000000078e680000,0x000000078e680000)
  from space 76288K, 73% used [0x0000000793580000,0x0000000796c5cbc0,0x0000000798000000)
  to   space 80896K, 0% used [0x000000078e680000,0x000000078e680000,0x0000000793580000)
 ParOldGen       total 377856K, used 156829K [0x00000006c0000000, 0x00000006d7100000, 0x000000076ab00000)
  object space 377856K, 41% used [0x00000006c0000000,0x00000006c9927528,0x00000006d7100000)
 Metaspace       used 34575K, capacity 35702K, committed 35968K, reserved 1081344K
  class space    used 4055K, capacity 4439K, committed 4480K, reserved 1048576K
Event: 17.677 GC heap after
Heap after GC invocations=13 (full 2):
 PSYoungGen      total 666112K, used 80881K [0x000000076ab00000, 0x00000007aa000000, 0x00000007c0000000)
  eden space 585216K, 0% used [0x000000076ab00000,0x000000076ab00000,0x000000078e680000)
  from space 80896K, 99% used [0x000000078e680000,0x000000079357c4c0,0x0000000793580000)
  to   space 141312K, 0% used [0x00000007a1600000,0x00000007a1600000,0x00000007aa000000)
 ParOldGen       total 377856K, used 285514K [0x00000006c0000000, 0x00000006d7100000, 0x000000076ab00000)
  object space 377856K, 75% used [0x00000006c0000000,0x00000006d16d29c8,0x00000006d7100000)
 Metaspace       used 34575K, capacity 35702K, committed 35968K, reserved 1081344K
  class space    used 4055K, capacity 4439K, committed 4480K, reserved 1048576K
}
Event: 17.677 GC heap before
{Heap before GC invocations=14 (full 3):
 PSYoungGen      total 666112K, used 80881K [0x000000076ab00000, 0x00000007aa000000, 0x00000007c0000000)
  eden space 585216K, 0% used [0x000000076ab00000,0x000000076ab00000,0x000000078e680000)
  from space 80896K, 99% used [0x000000078e680000,0x000000079357c4c0,0x0000000793580000)
  to   space 141312K, 0% used [0x00000007a1600000,0x00000007a1600000,0x00000007aa000000)
 ParOldGen       total 377856K, used 285514K [0x00000006c0000000, 0x00000006d7100000, 0x000000076ab00000)
  object space 377856K, 75% used [0x00000006c0000000,0x00000006d16d29c8,0x00000006d7100000)
 Metaspace       used 34575K, capacity 35702K, committed 35968K, reserved 1081344K
  class space    used 4055K, capacity 4439K, committed 4480K, reserved 1048576K
Event: 18.035 GC heap after
Heap after GC invocations=14 (full 3):
 PSYoungGen      total 666112K, used 0K [0x000000076ab00000, 0x00000007aa000000, 0x00000007c0000000)
  eden space 585216K, 0% used [0x000000076ab00000,0x000000076ab00000,0x000000078e680000)
  from space 80896K, 0% used [0x000000078e680000,0x000000078e680000,0x0000000793580000)
  to   space 141312K, 0% used [0x00000007a1600000,0x00000007a1600000,0x00000007aa000000)
 ParOldGen       total 628224K, used 310974K [0x00000006c0000000, 0x00000006e6580000, 0x000000076ab00000)
  object space 628224K, 49% used [0x00000006c0000000,0x00000006d2faf840,0x00000006e6580000)
 Metaspace       used 34572K, capacity 35696K, committed 35968K, reserved 1081344K
  class space    used 4055K, capacity 4437K, committed 4480K, reserved 1048576K
}

Deoptimization events (10 events):
Event: 14.325 Thread 0x00007ff361802800 Uncommon trap: reason=class_check action=maybe_recompile pc=0x000000010cf2b0e8 method=java.util.Collections$3.hasMoreElements()Z @ 4
Event: 14.620 Thread 0x00007ff361802800 Uncommon trap: reason=class_check action=maybe_recompile pc=0x000000010cf2b0e8 method=java.util.Collections$3.hasMoreElements()Z @ 4
Event: 14.622 Thread 0x00007ff361802800 Uncommon trap: reason=class_check action=maybe_recompile pc=0x000000010cf2b0e8 method=java.util.Collections$3.hasMoreElements()Z @ 4
Event: 15.058 Thread 0x00007ff361802800 Uncommon trap: reason=bimorphic action=maybe_recompile pc=0x000000010c4e193c method=java.util.regex.Matcher.getTextLength()I @ 4
Event: 15.058 Thread 0x00007ff361802800 Uncommon trap: reason=class_check action=maybe_recompile pc=0x000000010c6d73f4 method=java.util.Collections$UnmodifiableMap$UnmodifiableEntrySet$1.<init>(Ljava/util/Collections$UnmodifiableMap$UnmodifiableEntrySet;)V @ 17
Event: 15.181 Thread 0x00007ff361802800 Uncommon trap: reason=null_check action=make_not_entrant pc=0x000000010cf7f2ec method=org.codehaus.plexus.util.xml.Xpp3Dom.mergeIntoXpp3Dom(Lorg/codehaus/plexus/util/xml/Xpp3Dom;Lorg/codehaus/plexus/util/xml/Xpp3Dom;Ljava/lang/Boolean;)V @ 146
Event: 15.581 Thread 0x00007ff361802800 Uncommon trap: reason=unstable_if action=reinterpret pc=0x000000010c7d01fc method=org.codehaus.plexus.archiver.AbstractArchiver.getLogger()Lorg/codehaus/plexus/logging/Logger; @ 4
Event: 15.885 Thread 0x00007ff361802800 Uncommon trap: reason=predicate action=maybe_recompile pc=0x000000010bfbdb08 method=java.util.LinkedList.toArray([Ljava/lang/Object;)[Ljava/lang/Object; @ 45
Event: 15.905 Thread 0x00007ff361802800 Uncommon trap: reason=array_check action=maybe_recompile pc=0x000000010cadf908 method=java.util.LinkedList.toArray([Ljava/lang/Object;)[Ljava/lang/Object; @ 55
Event: 16.096 Thread 0x00007ff361802800 Uncommon trap: reason=unstable_if action=reinterpret pc=0x000000010befe5d4 method=java.util.concurrent.locks.AbstractQueuedSynchronizer.enq(Ljava/util/concurrent/locks/AbstractQueuedSynchronizer$Node;)Ljava/util/concurrent/locks/AbstractQueuedSynchronizer

Classes redefined (0 events):
No events

Internal exceptions (10 events):
Event: 8.585 Thread 0x00007ff361802800 Exception <a 'java/lang/NoClassDefFoundError': org/sonatype/aether/artifact/Artifact> (0x000000076c6f97f8) thrown at [/Users/java_re/workspace/8-2-build-macosx-x86_64/jdk8u161/10277/hotspot/src/share/vm/classfile/systemDictionary.cpp, line 199]
Event: 8.590 Thread 0x00007ff361802800 Exception <a 'java/lang/NoClassDefFoundError': org/sonatype/aether/artifact/Artifact> (0x000000076c7a5518) thrown at [/Users/java_re/workspace/8-2-build-macosx-x86_64/jdk8u161/10277/hotspot/src/share/vm/classfile/systemDictionary.cpp, line 199]
Event: 8.599 Thread 0x00007ff361802800 Exception <a 'java/lang/NoClassDefFoundError': org/sonatype/aether/graph/Dependency> (0x000000076c908300) thrown at [/Users/java_re/workspace/8-2-build-macosx-x86_64/jdk8u161/10277/hotspot/src/share/vm/classfile/systemDictionary.cpp, line 199]
Event: 8.603 Thread 0x00007ff361802800 Exception <a 'java/lang/NoClassDefFoundError': org/sonatype/aether/installation/InstallationException> (0x000000076c990180) thrown at [/Users/java_re/workspace/8-2-build-macosx-x86_64/jdk8u161/10277/hotspot/src/share/vm/classfile/systemDictionary.cpp, lin
Event: 8.608 Thread 0x00007ff361802800 Exception <a 'java/lang/NoClassDefFoundError': org/sonatype/aether/artifact/ArtifactType> (0x000000076ca811a0) thrown at [/Users/java_re/workspace/8-2-build-macosx-x86_64/jdk8u161/10277/hotspot/src/share/vm/classfile/systemDictionary.cpp, line 199]
Event: 9.932 Thread 0x00007ff361802800 Implicit null exception at 0x000000010cd3aafd to 0x000000010cd4135d
Event: 10.192 Thread 0x00007ff361802800 Implicit null exception at 0x000000010cd939a6 to 0x000000010cd9751d
Event: 13.923 Thread 0x00007ff361802800 Implicit null exception at 0x000000010c2a39aa to 0x000000010c2a77a1
Event: 14.128 Thread 0x00007ff361802800 Exception <a 'java/lang/NoSuchMethodError': org.apache.maven.execution.MavenExecutionRequest.getFailureBehavior()Ljava/lang/String;> (0x000000077401cea0) thrown at [/Users/java_re/workspace/8-2-build-macosx-x86_64/jdk8u161/10277/hotspot/src/share/vm/inter
Event: 15.181 Thread 0x00007ff361802800 Implicit null exception at 0x000000010cf7b9c7 to 0x000000010cf7f2e1

Events (10 events):
Event: 18.067 Executing VM operation: RevokeBias done
Event: 18.067 Executing VM operation: BulkRevokeBias
Event: 18.067 Executing VM operation: BulkRevokeBias done
Event: 18.067 Thread 0x00007ff36084a000 flushing nmethod 0x000000010bf04290
Event: 18.069 Thread 0x00007ff362043000 flushing nmethod 0x000000010bfd1290
Event: 18.069 Thread 0x00007ff362043000 flushing nmethod 0x000000010c01b890
Event: 18.070 Thread 0x00007ff362043000 flushing nmethod 0x000000010c059510
Event: 18.070 Thread 0x00007ff362043000 flushing nmethod 0x000000010c07e0d0
Event: 18.072 Thread 0x00007ff36180d800 flushing nmethod 0x000000010c149590
Event: 18.072 Thread 0x00007ff36180d800 flushing nmethod 0x000000010c14fa10


Dynamic libraries:
0x0000000004bf5000 	/System/Library/Frameworks/Cocoa.framework/Versions/A/Cocoa
0x0000000004bf5000 	/System/Library/Frameworks/Security.framework/Versions/A/Security
0x0000000004bf5000 	/System/Library/Frameworks/ApplicationServices.framework/Versions/A/ApplicationServices
0x0000000004bf5000 	/usr/lib/libz.1.dylib
0x0000000004bf5000 	/usr/lib/libSystem.B.dylib
0x0000000004bf5000 	/usr/lib/libobjc.A.dylib
0x0000000004bf5000 	/System/Library/Frameworks/CoreFoundation.framework/Versions/A/CoreFoundation
0x0000000004bf5000 	/System/Library/Frameworks/Foundation.framework/Versions/C/Foundation
0x0000000004bf5000 	/System/Library/Frameworks/AppKit.framework/Versions/C/AppKit
0x0000000004bf5000 	/System/Library/Frameworks/CoreData.framework/Versions/A/CoreData
0x0000000004bf5000 	/System/Library/PrivateFrameworks/RemoteViewServices.framework/Versions/A/RemoteViewServices
0x0000000004bf5000 	/System/Library/PrivateFrameworks/UIFoundation.framework/Versions/A/UIFoundation
0x0000000004bf5000 	/System/Library/PrivateFrameworks/DFRFoundation.framework/Versions/A/DFRFoundation
0x0000000004bf5000 	/System/Library/Frameworks/Metal.framework/Versions/A/Metal
0x0000000004bf5000 	/System/Library/PrivateFrameworks/DesktopServicesPriv.framework/Versions/A/DesktopServicesPriv
0x0000000004bf5000 	/usr/lib/libenergytrace.dylib
0x0000000004bf5000 	/System/Library/PrivateFrameworks/SkyLight.framework/Versions/A/SkyLight
0x0000000004bf5000 	/System/Library/Frameworks/CoreGraphics.framework/Versions/A/CoreGraphics
0x0000000004bf5000 	/usr/lib/libScreenReader.dylib
0x0000000004bf5000 	/System/Library/Frameworks/Accelerate.framework/Versions/A/Accelerate
0x0000000004bf5000 	/System/Library/Frameworks/IOSurface.framework/Versions/A/IOSurface
0x0000000004bf5000 	/System/Library/Frameworks/AudioToolbox.framework/Versions/A/AudioToolbox
0x0000000004bf5000 	/System/Library/Frameworks/AudioUnit.framework/Versions/A/AudioUnit
0x0000000004bf5000 	/System/Library/PrivateFrameworks/DataDetectorsCore.framework/Versions/A/DataDetectorsCore
0x0000000004bf5000 	/System/Library/Frameworks/Carbon.framework/Versions/A/Frameworks/HIToolbox.framework/Versions/A/HIToolbox
0x0000000004bf5000 	/usr/lib/libicucore.A.dylib
0x0000000004bf5000 	/System/Library/Frameworks/QuartzCore.framework/Versions/A/QuartzCore
0x0000000004bf5000 	/System/Library/PrivateFrameworks/SignpostNotification.framework/Versions/A/SignpostNotification
0x0000000004bf5000 	/System/Library/Frameworks/Carbon.framework/Versions/A/Frameworks/SpeechRecognition.framework/Versions/A/SpeechRecognition
0x0000000004bf5000 	/usr/lib/libauto.dylib
0x0000000004bf5000 	/usr/lib/libxml2.2.dylib
0x0000000004bf5000 	/System/Library/PrivateFrameworks/CoreUI.framework/Versions/A/CoreUI
0x0000000004bf5000 	/System/Library/Frameworks/CoreAudio.framework/Versions/A/CoreAudio
0x0000000004bf5000 	/System/Library/Frameworks/DiskArbitration.framework/Versions/A/DiskArbitration
0x0000000004bf5000 	/usr/lib/liblangid.dylib
0x0000000004bf5000 	/System/Library/PrivateFrameworks/MultitouchSupport.framework/Versions/A/MultitouchSupport
0x0000000004bf5000 	/System/Library/Frameworks/IOKit.framework/Versions/A/IOKit
0x0000000004bf5000 	/usr/lib/libDiagnosticMessagesClient.dylib
0x0000000004bf5000 	/System/Library/Frameworks/CoreServices.framework/Versions/A/CoreServices
0x0000000004bf5000 	/System/Library/PrivateFrameworks/PerformanceAnalysis.framework/Versions/A/PerformanceAnalysis
0x0000000004bf5000 	/System/Library/Frameworks/OpenGL.framework/Versions/A/OpenGL
0x0000000004bf5000 	/System/Library/Frameworks/ColorSync.framework/Versions/A/ColorSync
0x0000000004bf5000 	/System/Library/Frameworks/CoreImage.framework/Versions/A/CoreImage
0x0000000004bf5000 	/System/Library/Frameworks/CoreText.framework/Versions/A/CoreText
0x0000000004bf5000 	/System/Library/Frameworks/ImageIO.framework/Versions/A/ImageIO
0x0000000004bf5000 	/System/Library/PrivateFrameworks/Backup.framework/Versions/A/Backup
0x0000000004bf5000 	/usr/lib/libarchive.2.dylib
0x0000000004bf5000 	/System/Library/Frameworks/CFNetwork.framework/Versions/A/CFNetwork
0x0000000004bf5000 	/System/Library/Frameworks/SystemConfiguration.framework/Versions/A/SystemConfiguration
0x0000000004bf5000 	/usr/lib/libCRFSuite.dylib
0x0000000004bf5000 	/usr/lib/libc++.1.dylib
0x0000000004bf5000 	/usr/lib/libc++abi.dylib
0x0000000004bf5000 	/usr/lib/system/libcache.dylib
0x0000000004bf5000 	/usr/lib/system/libcommonCrypto.dylib
0x0000000004bf5000 	/usr/lib/system/libcompiler_rt.dylib
0x0000000004bf5000 	/usr/lib/system/libcopyfile.dylib
0x0000000004bf5000 	/usr/lib/system/libcorecrypto.dylib
0x0000000004bf5000 	/usr/lib/system/libdispatch.dylib
0x0000000004bf5000 	/usr/lib/system/libdyld.dylib
0x0000000004bf5000 	/usr/lib/system/libkeymgr.dylib
0x0000000004bf5000 	/usr/lib/system/liblaunch.dylib
0x0000000004bf5000 	/usr/lib/system/libmacho.dylib
0x0000000004bf5000 	/usr/lib/system/libquarantine.dylib
0x0000000004bf5000 	/usr/lib/system/libremovefile.dylib
0x0000000004bf5000 	/usr/lib/system/libsystem_asl.dylib
0x0000000004bf5000 	/usr/lib/system/libsystem_blocks.dylib
0x0000000004bf5000 	/usr/lib/system/libsystem_c.dylib
0x0000000004bf5000 	/usr/lib/system/libsystem_configuration.dylib
0x0000000004bf5000 	/usr/lib/system/libsystem_coreservices.dylib
0x0000000004bf5000 	/usr/lib/system/libsystem_darwin.dylib
0x0000000004bf5000 	/usr/lib/system/libsystem_dnssd.dylib
0x0000000004bf5000 	/usr/lib/system/libsystem_info.dylib
0x0000000004bf5000 	/usr/lib/system/libsystem_m.dylib
0x0000000004bf5000 	/usr/lib/system/libsystem_malloc.dylib
0x0000000004bf5000 	/usr/lib/system/libsystem_network.dylib
0x0000000004bf5000 	/usr/lib/system/libsystem_networkextension.dylib
0x0000000004bf5000 	/usr/lib/system/libsystem_notify.dylib
0x0000000004bf5000 	/usr/lib/system/libsystem_sandbox.dylib
0x0000000004bf5000 	/usr/lib/system/libsystem_secinit.dylib
0x0000000004bf5000 	/usr/lib/system/libsystem_kernel.dylib
0x0000000004bf5000 	/usr/lib/system/libsystem_platform.dylib
0x0000000004bf5000 	/usr/lib/system/libsystem_pthread.dylib
0x0000000004bf5000 	/usr/lib/system/libsystem_symptoms.dylib
0x0000000004bf5000 	/usr/lib/system/libsystem_trace.dylib
0x0000000004bf5000 	/usr/lib/system/libunwind.dylib
0x0000000004bf5000 	/usr/lib/system/libxpc.dylib
0x0000000004bf5000 	/usr/lib/closure/libclosured.dylib
0x0000000004bf5000 	/usr/lib/libbsm.0.dylib
0x0000000004bf5000 	/usr/lib/system/libkxld.dylib
0x0000000004bf5000 	/usr/lib/libOpenScriptingUtil.dylib
0x0000000004bf5000 	/usr/lib/libcoretls.dylib
0x0000000004bf5000 	/usr/lib/libcoretls_cfhelpers.dylib
0x0000000004bf5000 	/usr/lib/libpam.2.dylib
0x0000000004bf5000 	/usr/lib/libsqlite3.dylib
0x0000000004bf5000 	/usr/lib/libxar.1.dylib
0x0000000004bf5000 	/usr/lib/libbz2.1.0.dylib
0x0000000004bf5000 	/usr/lib/liblzma.5.dylib
0x0000000004bf5000 	/usr/lib/libnetwork.dylib
0x0000000004bf5000 	/usr/lib/libapple_nghttp2.dylib
0x0000000004bf5000 	/usr/lib/libpcap.A.dylib
0x0000000004bf5000 	/usr/lib/libboringssl.dylib
0x0000000004bf5000 	/usr/lib/libusrtcp.dylib
0x0000000004bf5000 	/usr/lib/libapple_crypto.dylib
0x0000000004bf5000 	/System/Library/Frameworks/CoreServices.framework/Versions/A/Frameworks/FSEvents.framework/Versions/A/FSEvents
0x0000000004bf5000 	/System/Library/Frameworks/CoreServices.framework/Versions/A/Frameworks/CarbonCore.framework/Versions/A/CarbonCore
0x0000000004bf5000 	/System/Library/Frameworks/CoreServices.framework/Versions/A/Frameworks/Metadata.framework/Versions/A/Metadata
0x0000000004bf5000 	/System/Library/Frameworks/CoreServices.framework/Versions/A/Frameworks/OSServices.framework/Versions/A/OSServices
0x0000000004bf5000 	/System/Library/Frameworks/CoreServices.framework/Versions/A/Frameworks/SearchKit.framework/Versions/A/SearchKit
0x0000000004bf5000 	/System/Library/Frameworks/CoreServices.framework/Versions/A/Frameworks/AE.framework/Versions/A/AE
0x0000000004bf5000 	/System/Library/Frameworks/CoreServices.framework/Versions/A/Frameworks/LaunchServices.framework/Versions/A/LaunchServices
0x0000000004bf5000 	/System/Library/Frameworks/CoreServices.framework/Versions/A/Frameworks/DictionaryServices.framework/Versions/A/DictionaryServices
0x0000000004bf5000 	/System/Library/Frameworks/CoreServices.framework/Versions/A/Frameworks/SharedFileList.framework/Versions/A/SharedFileList
0x0000000004bf5000 	/System/Library/Frameworks/NetFS.framework/Versions/A/NetFS
0x0000000004bf5000 	/System/Library/PrivateFrameworks/NetAuth.framework/Versions/A/NetAuth
0x0000000004bf5000 	/System/Library/PrivateFrameworks/login.framework/Versions/A/Frameworks/loginsupport.framework/Versions/A/loginsupport
0x0000000004bf5000 	/System/Library/PrivateFrameworks/TCC.framework/Versions/A/TCC
0x0000000004bf5000 	/usr/lib/libmecabra.dylib
0x0000000004bf5000 	/System/Library/Frameworks/ApplicationServices.framework/Versions/A/Frameworks/ATS.framework/Versions/A/ATS
0x0000000004bf5000 	/System/Library/Frameworks/ApplicationServices.framework/Versions/A/Frameworks/ColorSyncLegacy.framework/Versions/A/ColorSyncLegacy
0x0000000004bf5000 	/System/Library/Frameworks/ApplicationServices.framework/Versions/A/Frameworks/HIServices.framework/Versions/A/HIServices
0x0000000004bf5000 	/System/Library/Frameworks/ApplicationServices.framework/Versions/A/Frameworks/LangAnalysis.framework/Versions/A/LangAnalysis
0x0000000004bf5000 	/System/Library/Frameworks/ApplicationServices.framework/Versions/A/Frameworks/PrintCore.framework/Versions/A/PrintCore
0x0000000004bf5000 	/System/Library/Frameworks/ApplicationServices.framework/Versions/A/Frameworks/QD.framework/Versions/A/QD
0x0000000004bf5000 	/System/Library/Frameworks/ApplicationServices.framework/Versions/A/Frameworks/SpeechSynthesis.framework/Versions/A/SpeechSynthesis
0x0000000004bf5000 	/System/Library/Frameworks/CoreDisplay.framework/Versions/A/CoreDisplay
0x0000000004bf5000 	/System/Library/Frameworks/Accelerate.framework/Versions/A/Frameworks/vImage.framework/Versions/A/vImage
0x0000000004bf5000 	/System/Library/Frameworks/Accelerate.framework/Versions/A/Frameworks/vecLib.framework/Versions/A/vecLib
0x0000000004bf5000 	/System/Library/Frameworks/Accelerate.framework/Versions/A/Frameworks/vecLib.framework/Versions/A/libvDSP.dylib
0x0000000004bf5000 	/System/Library/Frameworks/Accelerate.framework/Versions/A/Frameworks/vecLib.framework/Versions/A/libBNNS.dylib
0x0000000004bf5000 	/System/Library/Frameworks/Accelerate.framework/Versions/A/Frameworks/vecLib.framework/Versions/A/libQuadrature.dylib
0x0000000004bf5000 	/System/Library/Frameworks/Accelerate.framework/Versions/A/Frameworks/vecLib.framework/Versions/A/libvMisc.dylib
0x0000000004bf5000 	/System/Library/Frameworks/Accelerate.framework/Versions/A/Frameworks/vecLib.framework/Versions/A/libLAPACK.dylib
0x0000000004bf5000 	/System/Library/Frameworks/Accelerate.framework/Versions/A/Frameworks/vecLib.framework/Versions/A/libBLAS.dylib
0x0000000004bf5000 	/System/Library/Frameworks/Accelerate.framework/Versions/A/Frameworks/vecLib.framework/Versions/A/libLinearAlgebra.dylib
0x0000000004bf5000 	/System/Library/Frameworks/Accelerate.framework/Versions/A/Frameworks/vecLib.framework/Versions/A/libSparse.dylib
0x0000000004bf5000 	/System/Library/Frameworks/Accelerate.framework/Versions/A/Frameworks/vecLib.framework/Versions/A/libSparseBLAS.dylib
0x0000000004bf5000 	/System/Library/PrivateFrameworks/GPUWrangler.framework/Versions/A/GPUWrangler
0x0000000004bf5000 	/System/Library/PrivateFrameworks/IOAccelerator.framework/Versions/A/IOAccelerator
0x0000000004bf5000 	/System/Library/PrivateFrameworks/IOPresentment.framework/Versions/A/IOPresentment
0x0000000004bf5000 	/System/Library/PrivateFrameworks/DSExternalDisplay.framework/Versions/A/DSExternalDisplay
0x0000000004bf5000 	/System/Library/Frameworks/OpenGL.framework/Versions/A/Libraries/libCoreFSCache.dylib
0x0000000004bf5000 	/System/Library/Frameworks/CoreVideo.framework/Versions/A/CoreVideo
0x0000000004bf5000 	/System/Library/PrivateFrameworks/GraphVisualizer.framework/Versions/A/GraphVisualizer
0x0000000004bf5000 	/System/Library/Frameworks/MetalPerformanceShaders.framework/Versions/A/MetalPerformanceShaders
0x0000000004bf5000 	/usr/lib/libFosl_dynamic.dylib
0x0000000004bf5000 	/System/Library/PrivateFrameworks/FaceCore.framework/Versions/A/FaceCore
0x0000000004bf5000 	/System/Library/Frameworks/OpenCL.framework/Versions/A/OpenCL
0x0000000004bf5000 	/usr/lib/libcompression.dylib
0x0000000004bf5000 	/System/Library/Frameworks/ApplicationServices.framework/Versions/A/Frameworks/ATS.framework/Versions/A/Resources/libFontParser.dylib
0x0000000004bf5000 	/System/Library/Frameworks/ApplicationServices.framework/Versions/A/Frameworks/ATS.framework/Versions/A/Resources/libFontRegistry.dylib
0x0000000004bf5000 	/System/Library/Frameworks/ImageIO.framework/Versions/A/Resources/libJPEG.dylib
0x0000000004bf5000 	/System/Library/Frameworks/ImageIO.framework/Versions/A/Resources/libTIFF.dylib
0x0000000004bf5000 	/System/Library/Frameworks/ImageIO.framework/Versions/A/Resources/libPng.dylib
0x0000000004bf5000 	/System/Library/Frameworks/ImageIO.framework/Versions/A/Resources/libGIF.dylib
0x0000000004bf5000 	/System/Library/Frameworks/ImageIO.framework/Versions/A/Resources/libJP2.dylib
0x0000000004bf5000 	/System/Library/Frameworks/ImageIO.framework/Versions/A/Resources/libRadiance.dylib
0x0000000004bf5000 	/System/Library/PrivateFrameworks/AppleJPEG.framework/Versions/A/AppleJPEG
0x0000000004bf5000 	/System/Library/Frameworks/MetalPerformanceShaders.framework/Frameworks/MPSCore.framework/Versions/A/MPSCore
0x0000000004bf5000 	/System/Library/Frameworks/MetalPerformanceShaders.framework/Frameworks/MPSImage.framework/Versions/A/MPSImage
0x0000000004bf5000 	/System/Library/Frameworks/MetalPerformanceShaders.framework/Frameworks/MPSNeuralNetwork.framework/Versions/A/MPSNeuralNetwork
0x0000000004bf5000 	/System/Library/Frameworks/MetalPerformanceShaders.framework/Frameworks/MPSMatrix.framework/Versions/A/MPSMatrix
0x0000000004bf5000 	/System/Library/PrivateFrameworks/MetalTools.framework/Versions/A/MetalTools
0x0000000004bf5000 	/System/Library/Frameworks/OpenGL.framework/Versions/A/Libraries/libGLU.dylib
0x0000000004bf5000 	/System/Library/Frameworks/OpenGL.framework/Versions/A/Libraries/libGFXShared.dylib
0x0000000004bf5000 	/System/Library/Frameworks/OpenGL.framework/Versions/A/Libraries/libGL.dylib
0x0000000004bf5000 	/System/Library/Frameworks/OpenGL.framework/Versions/A/Libraries/libGLImage.dylib
0x0000000004bf5000 	/System/Library/Frameworks/OpenGL.framework/Versions/A/Libraries/libCVMSPluginSupport.dylib
0x0000000004bf5000 	/System/Library/Frameworks/OpenGL.framework/Versions/A/Libraries/libCoreVMClient.dylib
0x0000000004bf5000 	/usr/lib/libcups.2.dylib
0x0000000004bf5000 	/System/Library/Frameworks/Kerberos.framework/Versions/A/Kerberos
0x0000000004bf5000 	/System/Library/Frameworks/GSS.framework/Versions/A/GSS
0x0000000004bf5000 	/usr/lib/libresolv.9.dylib
0x0000000004bf5000 	/usr/lib/libiconv.2.dylib
0x0000000004bf5000 	/System/Library/PrivateFrameworks/Heimdal.framework/Versions/A/Heimdal
0x0000000004bf5000 	/usr/lib/libheimdal-asn1.dylib
0x0000000004bf5000 	/System/Library/Frameworks/OpenDirectory.framework/Versions/A/OpenDirectory
0x0000000004bf5000 	/System/Library/PrivateFrameworks/CommonAuth.framework/Versions/A/CommonAuth
0x0000000004bf5000 	/System/Library/Frameworks/OpenDirectory.framework/Versions/A/Frameworks/CFOpenDirectory.framework/Versions/A/CFOpenDirectory
0x0000000004bf5000 	/System/Library/Frameworks/SecurityFoundation.framework/Versions/A/SecurityFoundation
0x0000000004bf5000 	/System/Library/PrivateFrameworks/APFS.framework/Versions/A/APFS
0x0000000004bf5000 	/usr/lib/libutil.dylib
0x0000000004bf5000 	/System/Library/PrivateFrameworks/AppleSauce.framework/Versions/A/AppleSauce
0x0000000004bf5000 	/System/Library/PrivateFrameworks/LinguisticData.framework/Versions/A/LinguisticData
0x0000000004bf5000 	/usr/lib/libmarisa.dylib
0x0000000004bf5000 	/System/Library/PrivateFrameworks/Lexicon.framework/Versions/A/Lexicon
0x0000000004bf5000 	/usr/lib/libChineseTokenizer.dylib
0x0000000004bf5000 	/usr/lib/libcmph.dylib
0x0000000004bf5000 	/System/Library/PrivateFrameworks/LanguageModeling.framework/Versions/A/LanguageModeling
0x0000000004bf5000 	/System/Library/PrivateFrameworks/CoreEmoji.framework/Versions/A/CoreEmoji
0x0000000004bf5000 	/System/Library/Frameworks/ServiceManagement.framework/Versions/A/ServiceManagement
0x0000000004bf5000 	/System/Library/PrivateFrameworks/BackgroundTaskManagement.framework/Versions/A/BackgroundTaskManagement
0x0000000004bf5000 	/usr/lib/libxslt.1.dylib
0x0000000004bf5000 	/System/Library/Frameworks/Carbon.framework/Versions/A/Frameworks/Ink.framework/Versions/A/Ink
0x0000000004bf5000 	/System/Library/PrivateFrameworks/TextureIO.framework/Versions/A/TextureIO
0x0000000004bf5000 	/usr/lib/libate.dylib
0x0000000004bf5000 	/System/Library/PrivateFrameworks/CrashReporterSupport.framework/Versions/A/CrashReporterSupport
0x0000000004bf5000 	/System/Library/PrivateFrameworks/Sharing.framework/Versions/A/Sharing
0x0000000004bf5000 	/System/Library/PrivateFrameworks/IconServices.framework/Versions/A/IconServices
0x0000000004bf5000 	/System/Library/PrivateFrameworks/Apple80211.framework/Versions/A/Apple80211
0x0000000004bf5000 	/System/Library/PrivateFrameworks/CoreUtils.framework/Versions/A/CoreUtils
0x0000000004bf5000 	/System/Library/Frameworks/CoreWLAN.framework/Versions/A/CoreWLAN
0x0000000004bf5000 	/System/Library/Frameworks/IOBluetooth.framework/Versions/A/IOBluetooth
0x0000000004bf5000 	/System/Library/PrivateFrameworks/ProtocolBuffer.framework/Versions/A/ProtocolBuffer
0x0000000004bf5000 	/System/Library/PrivateFrameworks/CoreWiFi.framework/Versions/A/CoreWiFi
0x0000000004bf5000 	/System/Library/Frameworks/CoreBluetooth.framework/Versions/A/CoreBluetooth
0x0000000004bf5000 	/System/Library/PrivateFrameworks/DebugSymbols.framework/Versions/A/DebugSymbols
0x0000000004bf5000 	/System/Library/PrivateFrameworks/CoreSymbolication.framework/Versions/A/CoreSymbolication
0x0000000004bf5000 	/System/Library/PrivateFrameworks/Symbolication.framework/Versions/A/Symbolication
0x0000000004bf5000 	/System/Library/PrivateFrameworks/AppleFSCompression.framework/Versions/A/AppleFSCompression
0x0000000004bf5000 	/System/Library/PrivateFrameworks/SpeechRecognitionCore.framework/Versions/A/SpeechRecognitionCore
0x0000000004bf5000 	/System/Library/CoreServices/Encodings/libKoreanConverter.dylib
0x0000000103600000 	/Library/Java/JavaVirtualMachines/jdk1.8.0_161.jdk/Contents/Home/jre/lib/server/libjvm.dylib
0x0000000004bf5000 	/usr/lib/libstdc++.6.0.9.dylib
0x000000010258b000 	/Library/Java/JavaVirtualMachines/jdk1.8.0_161.jdk/Contents/Home/jre/lib/libverify.dylib
0x0000000102599000 	/Library/Java/JavaVirtualMachines/jdk1.8.0_161.jdk/Contents/Home/jre/lib/libjava.dylib
0x00000001025d9000 	/Library/Java/JavaVirtualMachines/jdk1.8.0_161.jdk/Contents/Home/jre/lib/libzip.dylib
0x000000010a1d8000 	/Users/yanghun007/Documents/apache-maven-3.6.0/lib/jansi-native/osx/libjansi.jnilib
0x000000010a277000 	/Library/Java/JavaVirtualMachines/jdk1.8.0_161.jdk/Contents/Home/jre/lib/libnet.dylib
0x000000010a28e000 	/Library/Java/JavaVirtualMachines/jdk1.8.0_161.jdk/Contents/Home/jre/lib/libnio.dylib
0x000000010a3c5000 	/Library/Java/JavaVirtualMachines/jdk1.8.0_161.jdk/Contents/Home/jre/lib/libmanagement.dylib

VM Arguments:
jvm_args: -Dclassworlds.conf=/Users/yanghun007/Documents/apache-maven-3.6.0/bin/m2.conf -Dmaven.home=/Users/yanghun007/Documents/apache-maven-3.6.0 -Dlibrary.jansi.path=/Users/yanghun007/Documents/apache-maven-3.6.0/lib/jansi-native -Dmaven.multiModuleProjectDirectory=/Users/yanghun007/Documents/spring/deal 
java_command: org.codehaus.plexus.classworlds.launcher.Launcher clean install package
java_class_path (initial): /Users/yanghun007/Documents/apache-maven-3.6.0/boot/plexus-classworlds-2.5.2.jar
Launcher Type: SUN_STANDARD

Environment Variables:
PATH=/anaconda3/bin:/Users/yanghun007/Documents/apache-maven-3.6.0/bin:/Users/yanghun007/Documents/apache-maven-3.6.0/bin:/anaconda3/bin:/Users/yanghun007/Documents/apache-maven-3.6.0/bin:/anaconda3/bin:/anaconda3/bin:/usr/local/bin:/usr/bin:/bin:/usr/sbin:/sbin
SHELL=/bin/bash

Signal Handlers:
SIGSEGV: [libjvm.dylib+0x5b5439], sa_mask[0]=11111111011111110111111111111111, sa_flags=SA_ONSTACK|SA_RESTART|SA_SIGINFO
SIGBUS: [libjvm.dylib+0x5b5439], sa_mask[0]=11111111011111110111111111111111, sa_flags=SA_RESTART|SA_SIGINFO
SIGFPE: [libjvm.dylib+0x48ae24], sa_mask[0]=11111111011111110111111111111111, sa_flags=SA_RESTART|SA_SIGINFO
SIGPIPE: [libjvm.dylib+0x48ae24], sa_mask[0]=11111111011111110111111111111111, sa_flags=SA_RESTART|SA_SIGINFO
SIGXFSZ: [libjvm.dylib+0x48ae24], sa_mask[0]=11111111011111110111111111111111, sa_flags=SA_RESTART|SA_SIGINFO
SIGILL: [libjvm.dylib+0x48ae24], sa_mask[0]=11111111011111110111111111111111, sa_flags=SA_RESTART|SA_SIGINFO
SIGUSR1: SIG_DFL, sa_mask[0]=11011111011111100000000111000110, sa_flags=none
SIGUSR2: [libjvm.dylib+0x48a942], sa_mask[0]=00000000000000000000000000000000, sa_flags=SA_RESTART|SA_SIGINFO
SIGHUP: [libjvm.dylib+0x488f0d], sa_mask[0]=11111111011111110111111111111111, sa_flags=SA_RESTART|SA_SIGINFO
SIGINT: [libjvm.dylib+0x488f0d], sa_mask[0]=11111111011111110111111111111111, sa_flags=SA_RESTART|SA_SIGINFO
SIGTERM: [libjvm.dylib+0x488f0d], sa_mask[0]=11111111011111110111111111111111, sa_flags=SA_RESTART|SA_SIGINFO
SIGQUIT: [libjvm.dylib+0x488f0d], sa_mask[0]=11111111011111110111111111111111, sa_flags=SA_RESTART|SA_SIGINFO


---------------  S Y S T E M  ---------------

OS:Bsduname:Darwin 17.5.0 Darwin Kernel Version 17.5.0: Mon Mar  5 22:24:32 PST 2018; root:xnu-4570.51.1~1/RELEASE_X86_64 x86_64
rlimit: STACK 8192k, CORE 0k, NPROC 1418, NOFILE 10240, AS infinity
load average:3.63 2.97 2.79

CPU:total 8 (initial active 8) (4 cores per cpu, 2 threads per core) family 6 model 70 stepping 1, cmov, cx8, fxsr, mmx, sse, sse2, sse3, ssse3, sse4.1, sse4.2, popcnt, avx, avx2, aes, clmul, erms, lzcnt, ht, tsc, tscinvbit, bmi1, bmi2

Memory: 4k page, physical 16777216k(173056k free)

/proc/meminfo:


vm_info: Java HotSpot(TM) 64-Bit Server VM (25.161-b12) for bsd-amd64 JRE (1.8.0_161-b12), built on Dec 19 2017 16:22:20 by "java_re" with gcc 4.2.1 (Based on Apple Inc. build 5658) (LLVM build 2336.11.00)

time: Sat Nov 24 14:23:05 2018
elapsed time: 18 seconds (0d 0h 0m 18s)

